<?xml version="1.0" encoding="UTF-8"?>
<robot generator="Robot 5.0.1 (Python 3.10.4 on win32)" generated="20220607 14:52:30.215" rpa="false" schemaversion="3">
<suite id="s1" name="GoogleSearch" source="C:\Users\Arcadia30\Desktop\Work\TMP Travel Management Platform\TestSuites\TestingOnly\GoogleSearch.robot">
<test id="s1-t1" name="Google_Search_1_1_003 Search แมว and Click 3rd, 4th, 5th with for loop link then verify" line="21">
<kw name="Open Google" library="Keyword">
<arg>firefox</arg>
<kw name="Open Browser" library="Browser">
<arg>https://www.google.com/</arg>
<arg>${browser}</arg>
<tag>BrowserControl</tag>
<tag>Setter</tag>
<doc>Opens a new browser instance. Use this keyword for quick experiments or debugging sessions.
Use `New Page` directly instead of `Open Browser` for production and automated execution.
See `Browser, Context and Page` for more information about Browser and related concepts.</doc>
<msg timestamp="20220607 14:52:30.976" level="WARN">Open Browser is for quick experimentation and debugging only. Use New Page for production.</msg>
<msg timestamp="20220607 14:52:30.977" level="INFO">{"browser": "firefox", "headless": false, "handleSIGINT": true, "handleSIGTERM": true, "handleSIGHUP": true, "timeout": 30000.0, "devtools": false, "slowMo": 0.0, "tracesDir": "C:\\Users\\Arcadia30\\Desktop\\Work\\TMP Travel Management Platform\\TestSuites\\TestingOnly\\DTEST\\browser\\traces\\6b4c03e8-4015-433f-b42f-4d31ede1af5f"}</msg>
<msg timestamp="20220607 14:52:32.827" level="INFO">Successfully created browser with options: {"browser":"firefox","headless":false,"handleSIGINT":true,"handleSIGTERM":true,"handleSIGHUP":true,"timeout":30000,"devtools":false,"slowMo":0,"tracesDir":"C:\\Users\\Arcadia30\\Desktop\\Work\\TMP Travel Management Platform\\TestSuites\\TestingOnly\\DTEST\\browser\\traces\\6b4c03e8-4015-433f-b42f-4d31ede1af5f"}</msg>
<msg timestamp="20220607 14:52:32.828" level="INFO">{"acceptDownloads": true, "ignoreHTTPSErrors": false, "bypassCSP": true, "deviceScaleFactor": 1.0, "isMobile": false, "hasTouch": false, "javaScriptEnabled": true, "offline": false, "hideRfBrowser": false, "reducedMotion": "no-preference", "forcedColors": "none"}</msg>
<msg timestamp="20220607 14:52:32.841" level="INFO">Successfully created context. </msg>
<msg timestamp="20220607 14:52:32.841" level="INFO">{'acceptDownloads': True, 'ignoreHTTPSErrors': False, 'bypassCSP': True, 'deviceScaleFactor': 1, 'isMobile': False, 'hasTouch': False, 'javaScriptEnabled': True, 'offline': False, 'hideRfBrowser': False, 'reducedMotion': 'no-preference', 'forcedColors': 'none'}</msg>
<msg timestamp="20220607 14:52:35.030" level="INFO">Successfully initialized new page object and opened url: https://www.google.com/</msg>
<status status="PASS" starttime="20220607 14:52:30.975" endtime="20220607 14:52:35.031"/>
</kw>
<status status="PASS" starttime="20220607 14:52:30.975" endtime="20220607 14:52:35.031"/>
</kw>
<kw name="Input In Search Box" library="Keyword">
<arg>แมว</arg>
<kw name="Type Text" library="Browser">
<arg>${txt_google_search}</arg>
<arg>${typing}</arg>
<tag>PageContent</tag>
<tag>Setter</tag>
<doc>Types the given ``txt`` into the text field found by ``selector``.</doc>
<msg timestamp="20220607 14:52:35.033" level="INFO">Types the text 'แมว' in the given field.</msg>
<status status="PASS" starttime="20220607 14:52:35.032" endtime="20220607 14:52:35.151"/>
</kw>
<status status="PASS" starttime="20220607 14:52:35.032" endtime="20220607 14:52:35.152"/>
</kw>
<kw name="Click Search" library="Keyword">
<kw name="Click" library="Browser">
<arg>xpath=//*[name()="svg" and @class="gb_Te"]</arg>
<tag>PageContent</tag>
<tag>Setter</tag>
<doc>Simulates mouse click on the element found by ``selector``.</doc>
<status status="PASS" starttime="20220607 14:52:35.153" endtime="20220607 14:52:35.239"/>
</kw>
<kw name="Click" library="Browser">
<arg>xpath=//div[@class='FPdoLc lJ9FBc']//input[@name='btnK']</arg>
<tag>PageContent</tag>
<tag>Setter</tag>
<doc>Simulates mouse click on the element found by ``selector``.</doc>
<status status="PASS" starttime="20220607 14:52:35.239" endtime="20220607 14:52:35.459"/>
</kw>
<status status="PASS" starttime="20220607 14:52:35.152" endtime="20220607 14:52:35.459"/>
</kw>
<kw name="Get Url" library="Browser">
<var>${URL}</var>
<tag>Assertion</tag>
<tag>Getter</tag>
<tag>PageContent</tag>
<doc>Returns the current URL.</doc>
<msg timestamp="20220607 14:52:35.463" level="INFO">${URL} = https://www.google.com/search?q=%E0%B9%81%E0%B8%A1%E0%B8%A7&amp;source=hp&amp;ei=wAOfYqy6HIWioATFr7WoBA&amp;iflsig=AJiK0e8AAAAAYp8R0JyrIJQTzJKBGm5PjVk_q-q3llQV&amp;ved=0ahUKEwismv737Zr4AhUFEYgKHcVXDUUQ4dUDCAo&amp;oq=%E0%...</msg>
<status status="PASS" starttime="20220607 14:52:35.460" endtime="20220607 14:52:35.463"/>
</kw>
<for flavor="IN RANGE">
<var>${INDEX}</var>
<value>3</value>
<value>6</value>
<iter>
<var name="${INDEX}">3</var>
<kw name="Click" library="Browser">
<arg>xpath=(//h3[@class='LC20lb MBeuO DKV0Md'])[${INDEX}]</arg>
<tag>PageContent</tag>
<tag>Setter</tag>
<doc>Simulates mouse click on the element found by ``selector``.</doc>
<status status="PASS" starttime="20220607 14:52:35.464" endtime="20220607 14:52:37.351"/>
</kw>
<kw name="Wait Until Network Is Idle" library="Browser">
<arg>timeout=7s</arg>
<tag>HTTP</tag>
<tag>Wait</tag>
<doc>Waits until there has been at least one instance of 500 ms of no network traffic on the page after loading.</doc>
<status status="PASS" starttime="20220607 14:52:37.351" endtime="20220607 14:52:39.805"/>
</kw>
<kw name="Get Url" library="Browser">
<var>${URL1}</var>
<arg>!=</arg>
<arg>${URL}</arg>
<tag>Assertion</tag>
<tag>Getter</tag>
<tag>PageContent</tag>
<doc>Returns the current URL.</doc>
<msg timestamp="20220607 14:52:39.807" level="INFO">${URL1} = https://www.punpro.com/p/friendly-cat-breeds</msg>
<status status="PASS" starttime="20220607 14:52:39.805" endtime="20220607 14:52:39.807"/>
</kw>
<kw name="Set Variable" library="BuiltIn">
<arg>${URL}</arg>
<arg>${URL1}</arg>
<doc>Returns the given values which can then be assigned to a variables.</doc>
<status status="PASS" starttime="20220607 14:52:39.807" endtime="20220607 14:52:39.807"/>
</kw>
<kw name="Log" library="BuiltIn">
<arg>${URL}</arg>
<doc>Logs the given message with the given level.</doc>
<msg timestamp="20220607 14:52:39.808" level="INFO">https://www.google.com/search?q=%E0%B9%81%E0%B8%A1%E0%B8%A7&amp;source=hp&amp;ei=wAOfYqy6HIWioATFr7WoBA&amp;iflsig=AJiK0e8AAAAAYp8R0JyrIJQTzJKBGm5PjVk_q-q3llQV&amp;ved=0ahUKEwismv737Zr4AhUFEYgKHcVXDUUQ4dUDCAo&amp;oq=%E0%B9%81%E0%B8%A1%E0%B8%A7&amp;gs_lcp=Cgdnd3Mtd2l6EAxQAFgNYLIBaABwAHgBgAFniAGdApIBAzIuMZgBAKABAQ&amp;sclient=gws-wiz</msg>
<status status="PASS" starttime="20220607 14:52:39.808" endtime="20220607 14:52:39.808"/>
</kw>
<kw name="Log" library="BuiltIn">
<arg>${URL1}</arg>
<doc>Logs the given message with the given level.</doc>
<msg timestamp="20220607 14:52:39.808" level="INFO">https://www.punpro.com/p/friendly-cat-breeds</msg>
<status status="PASS" starttime="20220607 14:52:39.808" endtime="20220607 14:52:39.808"/>
</kw>
<kw name="Go Back" library="Browser">
<tag>BrowserControl</tag>
<tag>Setter</tag>
<doc>Navigates to the previous page in history.</doc>
<msg timestamp="20220607 14:52:39.935" level="INFO">Did Go Back</msg>
<status status="PASS" starttime="20220607 14:52:39.808" endtime="20220607 14:52:39.935"/>
</kw>
<status status="PASS" starttime="20220607 14:52:35.464" endtime="20220607 14:52:39.935"/>
</iter>
<iter>
<var name="${INDEX}">4</var>
<kw name="Click" library="Browser">
<arg>xpath=(//h3[@class='LC20lb MBeuO DKV0Md'])[${INDEX}]</arg>
<tag>PageContent</tag>
<tag>Setter</tag>
<doc>Simulates mouse click on the element found by ``selector``.</doc>
<status status="PASS" starttime="20220607 14:52:39.935" endtime="20220607 14:52:40.156"/>
</kw>
<kw name="Wait Until Network Is Idle" library="Browser">
<arg>timeout=7s</arg>
<tag>HTTP</tag>
<tag>Wait</tag>
<doc>Waits until there has been at least one instance of 500 ms of no network traffic on the page after loading.</doc>
<status status="PASS" starttime="20220607 14:52:40.157" endtime="20220607 14:52:42.787"/>
</kw>
<kw name="Get Url" library="Browser">
<var>${URL1}</var>
<arg>!=</arg>
<arg>${URL}</arg>
<tag>Assertion</tag>
<tag>Getter</tag>
<tag>PageContent</tag>
<doc>Returns the current URL.</doc>
<msg timestamp="20220607 14:52:42.790" level="INFO">${URL1} = https://www.purina.co.th/articles/cats/behaviour/understanding-cats/one-day-to-be-healthy-cats</msg>
<status status="PASS" starttime="20220607 14:52:42.788" endtime="20220607 14:52:42.790"/>
</kw>
<kw name="Set Variable" library="BuiltIn">
<arg>${URL}</arg>
<arg>${URL1}</arg>
<doc>Returns the given values which can then be assigned to a variables.</doc>
<status status="PASS" starttime="20220607 14:52:42.791" endtime="20220607 14:52:42.791"/>
</kw>
<kw name="Log" library="BuiltIn">
<arg>${URL}</arg>
<doc>Logs the given message with the given level.</doc>
<msg timestamp="20220607 14:52:42.791" level="INFO">https://www.google.com/search?q=%E0%B9%81%E0%B8%A1%E0%B8%A7&amp;source=hp&amp;ei=wAOfYqy6HIWioATFr7WoBA&amp;iflsig=AJiK0e8AAAAAYp8R0JyrIJQTzJKBGm5PjVk_q-q3llQV&amp;ved=0ahUKEwismv737Zr4AhUFEYgKHcVXDUUQ4dUDCAo&amp;oq=%E0%B9%81%E0%B8%A1%E0%B8%A7&amp;gs_lcp=Cgdnd3Mtd2l6EAxQAFgNYLIBaABwAHgBgAFniAGdApIBAzIuMZgBAKABAQ&amp;sclient=gws-wiz</msg>
<status status="PASS" starttime="20220607 14:52:42.791" endtime="20220607 14:52:42.792"/>
</kw>
<kw name="Log" library="BuiltIn">
<arg>${URL1}</arg>
<doc>Logs the given message with the given level.</doc>
<msg timestamp="20220607 14:52:42.792" level="INFO">https://www.purina.co.th/articles/cats/behaviour/understanding-cats/one-day-to-be-healthy-cats</msg>
<status status="PASS" starttime="20220607 14:52:42.792" endtime="20220607 14:52:42.792"/>
</kw>
<kw name="Go Back" library="Browser">
<tag>BrowserControl</tag>
<tag>Setter</tag>
<doc>Navigates to the previous page in history.</doc>
<msg timestamp="20220607 14:52:43.048" level="INFO">Did Go Back</msg>
<status status="PASS" starttime="20220607 14:52:42.792" endtime="20220607 14:52:43.049"/>
</kw>
<status status="PASS" starttime="20220607 14:52:39.935" endtime="20220607 14:52:43.049"/>
</iter>
<iter>
<var name="${INDEX}">5</var>
<kw name="Click" library="Browser">
<arg>xpath=(//h3[@class='LC20lb MBeuO DKV0Md'])[${INDEX}]</arg>
<tag>PageContent</tag>
<tag>Setter</tag>
<doc>Simulates mouse click on the element found by ``selector``.</doc>
<status status="PASS" starttime="20220607 14:52:43.049" endtime="20220607 14:52:43.734"/>
</kw>
<kw name="Wait Until Network Is Idle" library="Browser">
<arg>timeout=7s</arg>
<tag>HTTP</tag>
<tag>Wait</tag>
<doc>Waits until there has been at least one instance of 500 ms of no network traffic on the page after loading.</doc>
<status status="PASS" starttime="20220607 14:52:43.735" endtime="20220607 14:52:45.811"/>
</kw>
<kw name="Get Url" library="Browser">
<var>${URL1}</var>
<arg>!=</arg>
<arg>${URL}</arg>
<tag>Assertion</tag>
<tag>Getter</tag>
<tag>PageContent</tag>
<doc>Returns the current URL.</doc>
<msg timestamp="20220607 14:52:45.814" level="INFO">${URL1} = https://www.purina.co.th/articles/cats/behaviour/understanding-cats/how-to-keep-indoor-cats-healthy</msg>
<status status="PASS" starttime="20220607 14:52:45.812" endtime="20220607 14:52:45.814"/>
</kw>
<kw name="Set Variable" library="BuiltIn">
<arg>${URL}</arg>
<arg>${URL1}</arg>
<doc>Returns the given values which can then be assigned to a variables.</doc>
<status status="PASS" starttime="20220607 14:52:45.814" endtime="20220607 14:52:45.814"/>
</kw>
<kw name="Log" library="BuiltIn">
<arg>${URL}</arg>
<doc>Logs the given message with the given level.</doc>
<msg timestamp="20220607 14:52:45.814" level="INFO">https://www.google.com/search?q=%E0%B9%81%E0%B8%A1%E0%B8%A7&amp;source=hp&amp;ei=wAOfYqy6HIWioATFr7WoBA&amp;iflsig=AJiK0e8AAAAAYp8R0JyrIJQTzJKBGm5PjVk_q-q3llQV&amp;ved=0ahUKEwismv737Zr4AhUFEYgKHcVXDUUQ4dUDCAo&amp;oq=%E0%B9%81%E0%B8%A1%E0%B8%A7&amp;gs_lcp=Cgdnd3Mtd2l6EAxQAFgNYLIBaABwAHgBgAFniAGdApIBAzIuMZgBAKABAQ&amp;sclient=gws-wiz</msg>
<status status="PASS" starttime="20220607 14:52:45.814" endtime="20220607 14:52:45.814"/>
</kw>
<kw name="Log" library="BuiltIn">
<arg>${URL1}</arg>
<doc>Logs the given message with the given level.</doc>
<msg timestamp="20220607 14:52:45.814" level="INFO">https://www.purina.co.th/articles/cats/behaviour/understanding-cats/how-to-keep-indoor-cats-healthy</msg>
<status status="PASS" starttime="20220607 14:52:45.814" endtime="20220607 14:52:45.815"/>
</kw>
<kw name="Go Back" library="Browser">
<tag>BrowserControl</tag>
<tag>Setter</tag>
<doc>Navigates to the previous page in history.</doc>
<msg timestamp="20220607 14:52:46.013" level="INFO">Did Go Back</msg>
<status status="PASS" starttime="20220607 14:52:45.815" endtime="20220607 14:52:46.013"/>
</kw>
<status status="PASS" starttime="20220607 14:52:43.049" endtime="20220607 14:52:46.013"/>
</iter>
<status status="PASS" starttime="20220607 14:52:35.463" endtime="20220607 14:52:46.013"/>
</for>
<tag>loopTag</tag>
<status status="PASS" starttime="20220607 14:52:30.970" endtime="20220607 14:52:46.014"/>
</test>
<status status="PASS" starttime="20220607 14:52:30.217" endtime="20220607 14:52:46.089"/>
</suite>
<statistics>
<total>
<stat pass="1" fail="0" skip="0">All Tests</stat>
</total>
<tag>
<stat pass="1" fail="0" skip="0">loopTag</stat>
</tag>
<suite>
<stat pass="1" fail="0" skip="0" id="s1" name="GoogleSearch">GoogleSearch</stat>
</suite>
</statistics>
<errors>
<msg timestamp="20220607 14:52:30.976" level="WARN">Open Browser is for quick experimentation and debugging only. Use New Page for production.</msg>
</errors>
</robot>
