<?xml version="1.0" encoding="UTF-8"?>
<robot generator="Robot 5.0.1 (Python 3.10.4 on win32)" generated="20220607 03:50:01.037" rpa="false" schemaversion="3">
<suite id="s1" name="TMP Travel Management Platform" source="C:\Users\Arcadia30\Desktop\Work\TMP Travel Management Platform">
<suite id="s1-s1" name="TestSuites" source="C:\Users\Arcadia30\Desktop\Work\TMP Travel Management Platform\TestSuites">
<suite id="s1-s1-s1" name="TestingOnly" source="C:\Users\Arcadia30\Desktop\Work\TMP Travel Management Platform\TestSuites\TestingOnly">
<suite id="s1-s1-s1-s1" name="GoogleSearch" source="C:\Users\Arcadia30\Desktop\Work\TMP Travel Management Platform\TestSuites\TestingOnly\GoogleSearch.robot">
<test id="s1-s1-s1-s1-t1" name=" Google_Search_1_1_003 Search แมว and Click 3rd, 4th, 5th with for loop link then verify" line="24">
<kw name="Open Google" library="Keyword">
<arg>chromium</arg>
<kw name="Open Browser" library="Browser">
<arg>https://www.google.com/</arg>
<arg>${browser}</arg>
<tag>BrowserControl</tag>
<tag>Setter</tag>
<doc>Opens a new browser instance. Use this keyword for quick experiments or debugging sessions.
Use `New Page` directly instead of `Open Browser` for production and automated execution.
See `Browser, Context and Page` for more information about Browser and related concepts.</doc>
<msg timestamp="20220607 03:50:01.776" level="WARN">Open Browser is for quick experimentation and debugging only. Use New Page for production.</msg>
<msg timestamp="20220607 03:50:01.780" level="INFO">{"browser": "chromium", "headless": false, "handleSIGINT": true, "handleSIGTERM": true, "handleSIGHUP": true, "timeout": 30000.0, "devtools": false, "slowMo": 0.0, "tracesDir": "C:\\Users\\Arcadia30\\Desktop\\Work\\TMP Travel Management Platform\\results\\browser\\traces\\62ee0a1a-fb62-4bb1-88c4-c42955ef2dfe"}</msg>
<msg timestamp="20220607 03:50:02.243" level="INFO">Successfully created browser with options: {"browser":"chromium","headless":false,"handleSIGINT":true,"handleSIGTERM":true,"handleSIGHUP":true,"timeout":30000,"devtools":false,"slowMo":0,"tracesDir":"C:\\Users\\Arcadia30\\Desktop\\Work\\TMP Travel Management Platform\\results\\browser\\traces\\62ee0a1a-fb62-4bb1-88c4-c42955ef2dfe"}</msg>
<msg timestamp="20220607 03:50:02.246" level="INFO">{"acceptDownloads": true, "ignoreHTTPSErrors": false, "bypassCSP": true, "deviceScaleFactor": 1.0, "isMobile": false, "hasTouch": false, "javaScriptEnabled": true, "offline": false, "hideRfBrowser": false, "reducedMotion": "no-preference", "forcedColors": "none"}</msg>
<msg timestamp="20220607 03:50:02.266" level="INFO">Successfully created context. </msg>
<msg timestamp="20220607 03:50:02.268" level="INFO">{'acceptDownloads': True, 'ignoreHTTPSErrors': False, 'bypassCSP': True, 'deviceScaleFactor': 1, 'isMobile': False, 'hasTouch': False, 'javaScriptEnabled': True, 'offline': False, 'hideRfBrowser': False, 'reducedMotion': 'no-preference', 'forcedColors': 'none'}</msg>
<msg timestamp="20220607 03:50:03.392" level="INFO">Successfully initialized new page object and opened url: https://www.google.com/</msg>
<status status="PASS" starttime="20220607 03:50:01.776" endtime="20220607 03:50:03.408"/>
</kw>
<status status="PASS" starttime="20220607 03:50:01.775" endtime="20220607 03:50:03.408"/>
</kw>
<kw name="Input In Search Box" library="Keyword">
<arg>แมว</arg>
<kw name="Type Text" library="Browser">
<arg>${txt_google_search}</arg>
<arg>${typing}</arg>
<tag>PageContent</tag>
<tag>Setter</tag>
<doc>Types the given ``txt`` into the text field found by ``selector``.</doc>
<msg timestamp="20220607 03:50:03.411" level="INFO">Types the text 'แมว' in the given field.</msg>
<status status="PASS" starttime="20220607 03:50:03.410" endtime="20220607 03:50:03.491"/>
</kw>
<status status="PASS" starttime="20220607 03:50:03.409" endtime="20220607 03:50:03.491"/>
</kw>
<kw name="Click Search" library="Keyword">
<kw name="Click" library="Browser">
<arg>xpath=//*[name()="svg" and @class="gb_Te"]</arg>
<tag>PageContent</tag>
<tag>Setter</tag>
<doc>Simulates mouse click on the element found by ``selector``.</doc>
<status status="PASS" starttime="20220607 03:50:03.492" endtime="20220607 03:50:03.602"/>
</kw>
<kw name="Click" library="Browser">
<arg>xpath=//div[@class='FPdoLc lJ9FBc']//input[@name='btnK']</arg>
<tag>PageContent</tag>
<tag>Setter</tag>
<doc>Simulates mouse click on the element found by ``selector``.</doc>
<status status="PASS" starttime="20220607 03:50:03.603" endtime="20220607 03:50:03.830"/>
</kw>
<status status="PASS" starttime="20220607 03:50:03.492" endtime="20220607 03:50:03.831"/>
</kw>
<kw name="Get Url" library="Browser">
<var>${a}</var>
<tag>Assertion</tag>
<tag>Getter</tag>
<tag>PageContent</tag>
<doc>Returns the current URL.</doc>
<msg timestamp="20220607 03:50:03.837" level="INFO">${a} = https://www.google.com/search?q=%E0%B9%81%E0%B8%A1%E0%B8%A7&amp;source=hp&amp;ei=eWieYsXoNYyx4-EP8cOp8A0&amp;iflsig=AJiK0e8AAAAAYp52ifyTeo5WC-sdMPeomTeD32yXNn7N&amp;ved=0ahUKEwiFibft2Zn4AhWM2DgGHfFhCt4Q4dUDCAs&amp;oq=%E0...</msg>
<status status="PASS" starttime="20220607 03:50:03.832" endtime="20220607 03:50:03.839"/>
</kw>
<for flavor="IN RANGE">
<var>${INDEX}</var>
<value>3</value>
<value>6</value>
<iter>
<var name="${INDEX}">3</var>
<kw name="Click" library="Browser">
<arg>xpath=(//h3[@class='LC20lb MBeuO DKV0Md'])[${INDEX}]</arg>
<tag>PageContent</tag>
<tag>Setter</tag>
<doc>Simulates mouse click on the element found by ``selector``.</doc>
<status status="PASS" starttime="20220607 03:50:03.841" endtime="20220607 03:50:04.570"/>
</kw>
<kw name="Run Keyword If" library="BuiltIn">
<arg>'${INDEX}' == '3'</arg>
<arg>get1 url</arg>
<doc>Runs the given keyword with the given arguments, if ``condition`` is true.</doc>
<kw name="get1 url" library="Keyword">
<kw name="Get Url" library="Browser">
<arg>!=</arg>
<arg>${a}</arg>
<tag>Assertion</tag>
<tag>Getter</tag>
<tag>PageContent</tag>
<doc>Returns the current URL.</doc>
<status status="PASS" starttime="20220607 03:50:04.572" endtime="20220607 03:50:04.575"/>
</kw>
<status status="PASS" starttime="20220607 03:50:04.571" endtime="20220607 03:50:04.575"/>
</kw>
<status status="PASS" starttime="20220607 03:50:04.570" endtime="20220607 03:50:04.575"/>
</kw>
<kw name="Go Back" library="Browser">
<tag>BrowserControl</tag>
<tag>Setter</tag>
<doc>Navigates to the previous page in history.</doc>
<msg timestamp="20220607 03:50:05.158" level="INFO">Did Go Back</msg>
<status status="PASS" starttime="20220607 03:50:04.575" endtime="20220607 03:50:05.160"/>
</kw>
<status status="PASS" starttime="20220607 03:50:03.840" endtime="20220607 03:50:05.161"/>
</iter>
<iter>
<var name="${INDEX}">4</var>
<kw name="Click" library="Browser">
<arg>xpath=(//h3[@class='LC20lb MBeuO DKV0Md'])[${INDEX}]</arg>
<tag>PageContent</tag>
<tag>Setter</tag>
<doc>Simulates mouse click on the element found by ``selector``.</doc>
<status status="PASS" starttime="20220607 03:50:05.161" endtime="20220607 03:50:06.327"/>
</kw>
<kw name="Run Keyword If" library="BuiltIn">
<arg>'${INDEX}' == '3'</arg>
<arg>get1 url</arg>
<doc>Runs the given keyword with the given arguments, if ``condition`` is true.</doc>
<status status="PASS" starttime="20220607 03:50:06.328" endtime="20220607 03:50:06.329"/>
</kw>
<kw name="Go Back" library="Browser">
<tag>BrowserControl</tag>
<tag>Setter</tag>
<doc>Navigates to the previous page in history.</doc>
<msg timestamp="20220607 03:50:06.371" level="INFO">Did Go Back</msg>
<status status="PASS" starttime="20220607 03:50:06.329" endtime="20220607 03:50:06.374"/>
</kw>
<status status="PASS" starttime="20220607 03:50:05.161" endtime="20220607 03:50:06.374"/>
</iter>
<iter>
<var name="${INDEX}">5</var>
<kw name="Click" library="Browser">
<arg>xpath=(//h3[@class='LC20lb MBeuO DKV0Md'])[${INDEX}]</arg>
<tag>PageContent</tag>
<tag>Setter</tag>
<doc>Simulates mouse click on the element found by ``selector``.</doc>
<status status="PASS" starttime="20220607 03:50:06.375" endtime="20220607 03:50:08.106"/>
</kw>
<kw name="Run Keyword If" library="BuiltIn">
<arg>'${INDEX}' == '3'</arg>
<arg>get1 url</arg>
<doc>Runs the given keyword with the given arguments, if ``condition`` is true.</doc>
<status status="PASS" starttime="20220607 03:50:08.107" endtime="20220607 03:50:08.107"/>
</kw>
<kw name="Go Back" library="Browser">
<tag>BrowserControl</tag>
<tag>Setter</tag>
<doc>Navigates to the previous page in history.</doc>
<msg timestamp="20220607 03:50:08.149" level="INFO">Did Go Back</msg>
<status status="PASS" starttime="20220607 03:50:08.108" endtime="20220607 03:50:08.150"/>
</kw>
<status status="PASS" starttime="20220607 03:50:06.374" endtime="20220607 03:50:08.151"/>
</iter>
<status status="PASS" starttime="20220607 03:50:03.840" endtime="20220607 03:50:08.151"/>
</for>
<status status="PASS" starttime="20220607 03:50:01.771" endtime="20220607 03:50:08.151"/>
</test>
<status status="PASS" starttime="20220607 03:50:01.076" endtime="20220607 03:50:08.258"/>
</suite>
<status status="PASS" starttime="20220607 03:50:01.072" endtime="20220607 03:50:08.266"/>
</suite>
<status status="PASS" starttime="20220607 03:50:01.067" endtime="20220607 03:50:08.271"/>
</suite>
<status status="PASS" starttime="20220607 03:50:01.042" endtime="20220607 03:50:08.275"/>
</suite>
<statistics>
<total>
<stat pass="1" fail="0" skip="0">All Tests</stat>
</total>
<tag>
</tag>
<suite>
<stat pass="1" fail="0" skip="0" id="s1" name="TMP Travel Management Platform">TMP Travel Management Platform</stat>
<stat pass="1" fail="0" skip="0" id="s1-s1" name="TestSuites">TMP Travel Management Platform.TestSuites</stat>
<stat pass="1" fail="0" skip="0" id="s1-s1-s1" name="TestingOnly">TMP Travel Management Platform.TestSuites.TestingOnly</stat>
<stat pass="1" fail="0" skip="0" id="s1-s1-s1-s1" name="GoogleSearch">TMP Travel Management Platform.TestSuites.TestingOnly.GoogleSearch</stat>
</suite>
</statistics>
<errors>
<msg timestamp="20220607 03:50:01.776" level="WARN">Open Browser is for quick experimentation and debugging only. Use New Page for production.</msg>
</errors>
</robot>
