<?xml version="1.0" encoding="UTF-8"?>
<robot generator="Robot 5.0.1 (Python 3.10.4 on win32)" generated="20220607 19:22:47.784" rpa="false" schemaversion="3">
<suite id="s1" name="GoogleSearch" source="C:\Users\Arcadia30\Desktop\Work\TMP Travel Management Platform\TestSuites\TestingOnly\GoogleSearch.robot">
<test id="s1-t1" name="Search ผงชูรส and Monosodium glutamate with 2 language for 1 testcase" line="40">
<kw name="Open Google" library="Keyword">
<arg>firefox</arg>
<kw name="Open Browser" library="Browser">
<arg>https://www.google.com/</arg>
<arg>${browser}</arg>
<tag>BrowserControl</tag>
<tag>Setter</tag>
<doc>Opens a new browser instance. Use this keyword for quick experiments or debugging sessions.
Use `New Page` directly instead of `Open Browser` for production and automated execution.
See `Browser, Context and Page` for more information about Browser and related concepts.</doc>
<msg timestamp="20220607 19:22:48.546" level="WARN">Open Browser is for quick experimentation and debugging only. Use New Page for production.</msg>
<msg timestamp="20220607 19:22:48.547" level="INFO">{"browser": "firefox", "headless": false, "handleSIGINT": true, "handleSIGTERM": true, "handleSIGHUP": true, "timeout": 30000.0, "devtools": false, "slowMo": 0.0, "tracesDir": "C:\\Users\\Arcadia30\\Desktop\\Work\\TMP Travel Management Platform\\TestSuites\\TestingOnly\\pabot_results\\0\\browser\\traces\\b854008e-6759-487f-81d1-9f245a75289d"}</msg>
<msg timestamp="20220607 19:22:50.344" level="INFO">Successfully created browser with options: {"browser":"firefox","headless":false,"handleSIGINT":true,"handleSIGTERM":true,"handleSIGHUP":true,"timeout":30000,"devtools":false,"slowMo":0,"tracesDir":"C:\\Users\\Arcadia30\\Desktop\\Work\\TMP Travel Management Platform\\TestSuites\\TestingOnly\\pabot_results\\0\\browser\\traces\\b854008e-6759-487f-81d1-9f245a75289d"}</msg>
<msg timestamp="20220607 19:22:50.344" level="INFO">{"acceptDownloads": true, "ignoreHTTPSErrors": false, "bypassCSP": true, "deviceScaleFactor": 1.0, "isMobile": false, "hasTouch": false, "javaScriptEnabled": true, "offline": false, "hideRfBrowser": false, "reducedMotion": "no-preference", "forcedColors": "none"}</msg>
<msg timestamp="20220607 19:22:50.357" level="INFO">Successfully created context. </msg>
<msg timestamp="20220607 19:22:50.357" level="INFO">{'acceptDownloads': True, 'ignoreHTTPSErrors': False, 'bypassCSP': True, 'deviceScaleFactor': 1, 'isMobile': False, 'hasTouch': False, 'javaScriptEnabled': True, 'offline': False, 'hideRfBrowser': False, 'reducedMotion': 'no-preference', 'forcedColors': 'none'}</msg>
<msg timestamp="20220607 19:22:52.458" level="INFO">Successfully initialized new page object and opened url: https://www.google.com/</msg>
<status status="PASS" starttime="20220607 19:22:48.546" endtime="20220607 19:22:52.459"/>
</kw>
<status status="PASS" starttime="20220607 19:22:48.546" endtime="20220607 19:22:52.459"/>
</kw>
<kw name="Input In Search Box" library="Keyword">
<arg>${MSG}</arg>
<kw name="Type Text" library="Browser">
<arg>${txt_google_search}</arg>
<arg>${typing}</arg>
<tag>PageContent</tag>
<tag>Setter</tag>
<doc>Types the given ``txt`` into the text field found by ``selector``.</doc>
<msg timestamp="20220607 19:22:52.461" level="INFO">Types the text 'Monosodium Glutamate' in the given field.</msg>
<status status="PASS" starttime="20220607 19:22:52.460" endtime="20220607 19:22:52.750"/>
</kw>
<status status="PASS" starttime="20220607 19:22:52.459" endtime="20220607 19:22:52.750"/>
</kw>
<kw name="Click Search" library="Keyword">
<kw name="Click" library="Browser">
<arg>xpath=//*[name()="svg" and @class="gb_Te"]</arg>
<tag>PageContent</tag>
<tag>Setter</tag>
<doc>Simulates mouse click on the element found by ``selector``.</doc>
<status status="PASS" starttime="20220607 19:22:52.751" endtime="20220607 19:22:52.866"/>
</kw>
<kw name="Click" library="Browser">
<arg>xpath=//div[@class='FPdoLc lJ9FBc']//input[@name='btnK']</arg>
<tag>PageContent</tag>
<tag>Setter</tag>
<doc>Simulates mouse click on the element found by ``selector``.</doc>
<status status="PASS" starttime="20220607 19:22:52.867" endtime="20220607 19:22:53.069"/>
</kw>
<status status="PASS" starttime="20220607 19:22:52.750" endtime="20220607 19:22:53.069"/>
</kw>
<kw name="Verify All" library="Keyword">
<kw name="Verify Search" library="Keyword">
<kw name="Wait For Elements State" library="Browser">
<arg>${btn_verify_search}</arg>
<arg>visible</arg>
<tag>PageContent</tag>
<tag>Wait</tag>
<doc>Waits for the element found by ``selector`` to satisfy state option.</doc>
<msg timestamp="20220607 19:22:53.112" level="INFO">Waited for Element with selector xpath=//span[@class='z1asCe MZy1Rb']//*[name()='svg'] at state visible</msg>
<status status="PASS" starttime="20220607 19:22:53.070" endtime="20220607 19:22:53.112"/>
</kw>
<status status="PASS" starttime="20220607 19:22:53.070" endtime="20220607 19:22:53.112"/>
</kw>
<kw name="Verify Setting" library="Keyword">
<kw name="Wait For Elements State" library="Browser">
<arg>${btn_verify_setting}</arg>
<arg>visible</arg>
<tag>PageContent</tag>
<tag>Wait</tag>
<doc>Waits for the element found by ``selector`` to satisfy state option.</doc>
<msg timestamp="20220607 19:22:53.935" level="INFO">Waited for Element with selector xpath=//*[name()='path' and contains(@d,'M13.85 22.')] at state visible</msg>
<status status="PASS" starttime="20220607 19:22:53.113" endtime="20220607 19:22:53.935"/>
</kw>
<status status="PASS" starttime="20220607 19:22:53.112" endtime="20220607 19:22:53.935"/>
</kw>
<kw name="Verify Google App" library="Keyword">
<kw name="Wait For Elements State" library="Browser">
<arg>${btn_verify_google_app}</arg>
<arg>visible</arg>
<tag>PageContent</tag>
<tag>Wait</tag>
<doc>Waits for the element found by ``selector`` to satisfy state option.</doc>
<msg timestamp="20220607 19:22:54.002" level="INFO">Waited for Element with selector xpath=//*[name()="svg" and @class="gb_Te"] at state visible</msg>
<status status="PASS" starttime="20220607 19:22:53.936" endtime="20220607 19:22:54.002"/>
</kw>
<status status="PASS" starttime="20220607 19:22:53.935" endtime="20220607 19:22:54.003"/>
</kw>
<kw name="Verify Profile" library="Keyword">
<kw name="Wait For Elements State" library="Browser">
<arg>${btn_verify_profile}</arg>
<arg>visible</arg>
<tag>PageContent</tag>
<tag>Wait</tag>
<doc>Waits for the element found by ``selector`` to satisfy state option.</doc>
<msg timestamp="20220607 19:22:54.020" level="INFO">Waited for Element with selector xpath=//div[@class="gb_Rc"] at state visible</msg>
<status status="PASS" starttime="20220607 19:22:54.004" endtime="20220607 19:22:54.020"/>
</kw>
<status status="PASS" starttime="20220607 19:22:54.003" endtime="20220607 19:22:54.020"/>
</kw>
<kw name="Verify Url Text Link" library="Keyword">
<kw name="Wait For Elements State" library="Browser">
<arg>(//a[@class='Fx4vi wHYlTd ZYHQ7e'])[1]</arg>
<arg>Visible</arg>
<tag>PageContent</tag>
<tag>Wait</tag>
<doc>Waits for the element found by ``selector`` to satisfy state option.</doc>
<msg timestamp="20220607 19:22:54.033" level="INFO">Waited for Element with selector (//a[@class='Fx4vi wHYlTd ZYHQ7e'])[1] at state visible</msg>
<status status="PASS" starttime="20220607 19:22:54.021" endtime="20220607 19:22:54.033"/>
</kw>
<kw name="Wait For Elements State" library="Browser">
<arg>(//a[@class='Fx4vi wHYlTd ZYHQ7e'])[2]</arg>
<arg>Visible</arg>
<tag>PageContent</tag>
<tag>Wait</tag>
<doc>Waits for the element found by ``selector`` to satisfy state option.</doc>
<msg timestamp="20220607 19:22:54.047" level="INFO">Waited for Element with selector (//a[@class='Fx4vi wHYlTd ZYHQ7e'])[2] at state visible</msg>
<status status="PASS" starttime="20220607 19:22:54.034" endtime="20220607 19:22:54.047"/>
</kw>
<kw name="Wait For Elements State" library="Browser">
<arg>(//a[@class='Fx4vi wHYlTd ZYHQ7e'])[3]</arg>
<arg>Visible</arg>
<tag>PageContent</tag>
<tag>Wait</tag>
<doc>Waits for the element found by ``selector`` to satisfy state option.</doc>
<msg timestamp="20220607 19:22:54.081" level="INFO">Waited for Element with selector (//a[@class='Fx4vi wHYlTd ZYHQ7e'])[3] at state visible</msg>
<status status="PASS" starttime="20220607 19:22:54.047" endtime="20220607 19:22:54.081"/>
</kw>
<status status="PASS" starttime="20220607 19:22:54.020" endtime="20220607 19:22:54.081"/>
</kw>
<status status="PASS" starttime="20220607 19:22:53.069" endtime="20220607 19:22:54.082"/>
</kw>
<kw name="Get Text" library="Browser">
<arg>(//a[@class='Fx4vi wHYlTd ZYHQ7e'])[1]</arg>
<arg>==</arg>
<arg>${MSG}</arg>
<tag>Assertion</tag>
<tag>Getter</tag>
<tag>PageContent</tag>
<doc>Returns text attribute of the element found by ``selector``.</doc>
<msg timestamp="20220607 19:22:55.217" level="INFO" html="true">&lt;/td&gt;&lt;/tr&gt;&lt;tr&gt;&lt;td colspan="3"&gt;&lt;a href="browser/screenshot/fail-screenshot-1.png"&gt;&lt;img src="browser/screenshot/fail-screenshot-1.png" width="800px"&gt;&lt;/a&gt;</msg>
<msg timestamp="20220607 19:22:55.218" level="FAIL">UnicodeEncodeError: 'charmap' codec can't encode characters in position 17-29: character maps to &lt;undefined&gt;</msg>
<status status="FAIL" starttime="20220607 19:22:54.082" endtime="20220607 19:22:55.220"/>
</kw>
<tag>Sugar</tag>
<status status="FAIL" starttime="20220607 19:22:48.541" endtime="20220607 19:22:55.222">UnicodeEncodeError: 'charmap' codec can't encode characters in position 17-29: character maps to &lt;undefined&gt;</status>
</test>
<doc>An example resource file</doc>
<status status="FAIL" starttime="20220607 19:22:47.793" endtime="20220607 19:22:55.274"/>
</suite>
<statistics>
<total>
<stat pass="0" fail="1" skip="0">All Tests</stat>
</total>
<tag>
<stat pass="0" fail="1" skip="0">Sugar</stat>
</tag>
<suite>
<stat pass="0" fail="1" skip="0" id="s1" name="GoogleSearch">GoogleSearch</stat>
</suite>
</statistics>
<errors>
<msg timestamp="20220607 19:22:48.546" level="WARN">Open Browser is for quick experimentation and debugging only. Use New Page for production.</msg>
<msg timestamp="20220607 19:22:55.221" level="ERROR">Calling method 'end_keyword' of listener 'RobotStackTracer' failed: UnicodeEncodeError: 'charmap' codec can't encode characters in position 256-261: character maps to &lt;undefined&gt;</msg>
</errors>
</robot>
